<?xml version="1.0" encoding="utf-8"?>
<TestRun id="e808953a-bfb7-46ea-8a39-905f2510be51" name="evert@ELITEBOOK-EVERT 2026-01-31 18:15:55" runUser="ELITEBOOK-EVERT\evert" xmlns="http://microsoft.com/schemas/VisualStudio/TeamTest/2010">
  <Times creation="2026-01-31T18:15:55.4829315-05:00" queuing="2026-01-31T18:15:55.4829320-05:00" start="2026-01-31T18:15:51.2305047-05:00" finish="2026-01-31T18:15:55.4968231-05:00" />
  <TestSettings name="default" id="2f7e8d61-5984-42e4-b90e-fa455a467e4a">
    <Deployment runDeploymentRoot="evert_ELITEBOOK-EVERT_2026-01-31_18_15_55" />
  </TestSettings>
  <Results>
    <UnitTestResult executionId="59c99ddf-2076-4987-98ff-dace5ccf0456" testId="03366c3a-3d5d-37fa-30c9-049d0474a173" testName="SGRRHH.Local.Tests.Infrastructure.PdfTemplateTests.GenerarTemplatePdfAsync_DeberiaCrearArchivoConCamposCorrectos" computerName="ELITEBOOK-EVERT" duration="00:00:02.1826926" startTime="2026-01-31T18:15:55.3180221-05:00" endTime="2026-01-31T18:15:55.3180563-05:00" testType="13cdc9d9-ddb5-4fa4-a97d-d965ccfc6d4b" outcome="Passed" testListId="8c84fa94-04c1-424b-9868-57a2d4851a1d" relativeResultsDirectory="59c99ddf-2076-4987-98ff-dace5ccf0456" />
  </Results>
  <TestDefinitions>
    <UnitTest name="SGRRHH.Local.Tests.Infrastructure.PdfTemplateTests.GenerarTemplatePdfAsync_DeberiaCrearArchivoConCamposCorrectos" storage="c:\users\evert\documents\rrhh\sgrrhh.local\sgrrhh.local.tests\bin\debug\net8.0\sgrrhh.local.tests.dll" id="03366c3a-3d5d-37fa-30c9-049d0474a173">
      <Execution id="59c99ddf-2076-4987-98ff-dace5ccf0456" />
      <TestMethod codeBase="C:\Users\evert\Documents\rrhh\SGRRHH.Local\SGRRHH.Local.Tests\bin\Debug\net8.0\SGRRHH.Local.Tests.dll" adapterTypeName="executor://xunit/VsTestRunner2/netcoreapp" className="SGRRHH.Local.Tests.Infrastructure.PdfTemplateTests" name="GenerarTemplatePdfAsync_DeberiaCrearArchivoConCamposCorrectos" />
    </UnitTest>
  </TestDefinitions>
  <TestEntries>
    <TestEntry testId="03366c3a-3d5d-37fa-30c9-049d0474a173" executionId="59c99ddf-2076-4987-98ff-dace5ccf0456" testListId="8c84fa94-04c1-424b-9868-57a2d4851a1d" />
  </TestEntries>
  <TestLists>
    <TestList name="Results Not in a List" id="8c84fa94-04c1-424b-9868-57a2d4851a1d" />
    <TestList name="All Loaded Results" id="19431567-8539-422a-85d7-44ee4e166bda" />
  </TestLists>
  <ResultSummary outcome="Completed">
    <Counters total="1" executed="1" passed="1" failed="0" error="0" timeout="0" aborted="0" inconclusive="0" passedButRunAborted="0" notRunnable="0" notExecuted="0" disconnected="0" warning="0" completed="0" inProgress="0" pending="0" />
    <Output>
      <StdOut>[xUnit.net 00:00:00.00] xUnit.net VSTest Adapter v2.5.4.1+b9eacec401 (64-bit .NET 8.0.23)&#xD;
[xUnit.net 00:00:00.20]   Discovering: SGRRHH.Local.Tests&#xD;
[xUnit.net 00:00:00.29]   Discovered:  SGRRHH.Local.Tests&#xD;
[xUnit.net 00:00:00.31]   Starting:    SGRRHH.Local.Tests&#xD;
Template generado exitosamente en: C:\Users\evert\AppData\Local\Temp\SGRRHH_Tests_66f1eacf-785c-412a-9b2b-b83e756a9931\templates\hoja_vida_template.pdf&#xD;
[xUnit.net 00:00:02.64]   Finished:    SGRRHH.Local.Tests&#xD;
</StdOut>
    </Output>
  </ResultSummary>
</TestRun>